<?xml version="1.0" encoding="UTF-8"?>
<!-- Generated by org.testng.reporters.JUnitReportReporter -->
<testsuite hostname="DESKTOP-T6SC6MV" failures="0" tests="1" name="DoctorTest.AddPatientTest" time="17.163" errors="0" timestamp="2023-03-22T00:13:05 IST" skipped="0">
  <testcase classname="DoctorTest.AddPatientTest" name="addPatientTest" time="17.163"/>
  <system-out/>
</testsuite> <!-- DoctorTest.AddPatientTest -->
