<?xml version="1.0" encoding="UTF-8"?>
<!-- Generated by org.testng.reporters.JUnitReportReporter -->
<testsuite hostname="DESKTOP-T6SC6MV" failures="0" tests="1" name="DoctorTest.AddPrescriptionTest" time="13.728" errors="0" timestamp="2023-03-20T01:25:56 IST" skipped="0">
  <testcase classname="DoctorTest.AddPrescriptionTest" name="addPrescriptionTest" time="13.728"/>
  <system-out/>
</testsuite> <!-- DoctorTest.AddPrescriptionTest -->
