<?xml version="1.0" encoding="UTF-8"?>
<!-- Generated by org.testng.reporters.JUnitReportReporter -->
<testsuite hostname="DESKTOP-T6SC6MV" failures="0" tests="1" name="DoctorTest.AddBedAllocationTest" time="8.497" errors="0" timestamp="2023-03-22T00:44:08 IST" skipped="0">
  <testcase classname="DoctorTest.AddBedAllocationTest" name="addBedAllocationTest" time="8.497"/>
  <system-out/>
</testsuite> <!-- DoctorTest.AddBedAllocationTest -->
