<?xml version="1.0" encoding="UTF-8"?>
<!-- Generated by org.testng.reporters.JUnitReportReporter -->
<testsuite hostname="DESKTOP-T6SC6MV" failures="0" tests="1" name="DoctorTest.AddAppointmentTest" time="14.707" errors="0" timestamp="2023-03-20T01:08:30 IST" skipped="0">
  <testcase classname="DoctorTest.AddAppointmentTest" name="addAppointmentTest" time="14.707"/>
  <system-out/>
</testsuite> <!-- DoctorTest.AddAppointmentTest -->
